<?xml version="1.0" encoding="UTF-8"?>
<!-- Generated by org.testng.reporters.JUnitReportReporter -->
<testsuite skipped="0" hostname="LT0281" name="com.testcases.ProductDetail" tests="1" failures="0" timestamp="27 Jul 2020 14:10:00 GMT" time="1.066" errors="0">
  <testcase name="searchProduct" time="1.066" classname="com.testcases.ProductDetail"/>
</testsuite> <!-- com.testcases.ProductDetail -->
