<?xml version="1.0" encoding="UTF-8"?>
<!-- Generated by org.testng.reporters.JUnitReportReporter -->
<testsuite skipped="0" hostname="LT0281" name="com.testcases.HomePage" tests="1" failures="0" timestamp="27 Jul 2020 14:10:00 GMT" time="6.313" errors="0">
  <testcase name="searchProduct" time="6.313" classname="com.testcases.HomePage"/>
</testsuite> <!-- com.testcases.HomePage -->
