<?xml version="1.0" encoding="UTF-8"?>
<!-- Generated by org.testng.reporters.JUnitReportReporter -->
<testsuite skipped="0" hostname="LT0281" name="com.testcases.Login" tests="1" failures="0" timestamp="27 Jul 2020 14:10:00 GMT" time="1.950" errors="0">
  <testcase name="loginApp" time="1.950" classname="com.testcases.Login"/>
</testsuite> <!-- com.testcases.Login -->
